<?xml version="1.0" encoding="UTF-8"?>
<coverage generated="1741340263734" clover="3.2.0">
  <project timestamp="1741340263734" name="All files">
    <metrics statements="45" coveredstatements="45" conditionals="20" coveredconditionals="17" methods="20" coveredmethods="20" elements="85" coveredelements="82" complexity="0" loc="45" ncloc="45" packages="1" files="1" classes="1"/>
    <file name="index.tsx" path="/Users/Projects/company assignment/datagrid/app/components/grid/index.tsx">
      <metrics statements="45" coveredstatements="45" conditionals="20" coveredconditionals="17" methods="20" coveredmethods="20"/>
      <line num="13" count="33" type="stmt"/>
      <line num="15" count="165" type="stmt"/>
      <line num="16" count="165" type="stmt"/>
      <line num="23" count="33" type="stmt"/>
      <line num="28" count="33" type="stmt"/>
      <line num="34" count="33" type="stmt"/>
      <line num="42" count="33" type="stmt"/>
      <line num="43" count="2" type="stmt"/>
      <line num="44" count="2" type="stmt"/>
      <line num="45" count="2" type="stmt"/>
      <line num="46" count="2" type="stmt"/>
      <line num="48" count="10" type="stmt"/>
      <line num="49" count="10" type="stmt"/>
      <line num="60" count="33" type="stmt"/>
      <line num="61" count="10" type="stmt"/>
      <line num="63" count="10" type="stmt"/>
      <line num="64" count="10" type="cond" truecount="2" falsecount="0"/>
      <line num="65" count="9" type="stmt"/>
      <line num="67" count="1" type="stmt"/>
      <line num="70" count="10" type="stmt"/>
      <line num="71" count="10" type="stmt"/>
      <line num="74" count="10" type="stmt"/>
      <line num="75" count="36" type="stmt"/>
      <line num="77" count="10" type="stmt"/>
      <line num="80" count="10" type="cond" truecount="1" falsecount="1"/>
      <line num="81" count="10" type="cond" truecount="2" falsecount="0"/>
      <line num="83" count="10" type="stmt"/>
      <line num="88" count="33" type="stmt"/>
      <line num="89" count="23" type="cond" truecount="1" falsecount="1"/>
      <line num="90" count="93" type="stmt"/>
      <line num="91" count="31" type="stmt"/>
      <line num="92" count="23" type="cond" truecount="2" falsecount="0"/>
      <line num="101" count="33" type="stmt"/>
      <line num="102" count="265" type="stmt"/>
      <line num="103" count="53" type="stmt"/>
      <line num="107" count="33" type="cond" truecount="2" falsecount="0"/>
      <line num="114" count="33" type="stmt"/>
      <line num="115" count="2" type="stmt"/>
      <line num="116" count="2" type="cond" truecount="1" falsecount="1"/>
      <line num="117" count="2" type="stmt"/>
      <line num="118" count="3" type="stmt"/>
      <line num="120" count="2" type="stmt"/>
      <line num="124" count="33" type="stmt"/>
      <line num="151" count="165" type="stmt"/>
      <line num="156" count="10" type="stmt"/>
    </file>
  </project>
</coverage>
