{"/Users/Projects/company assignment/datagrid/app/components/grid/index.tsx": {"path":"/Users/Projects/company assignment/datagrid/app/components/grid/index.tsx","statementMap":{"0":{"start":{"line":13,"column":40},"end":{"line":18,"column":5}},"1":{"start":{"line":15,"column":12},"end":{"line":15,"column":35}},"2":{"start":{"line":16,"column":12},"end":{"line":16,"column":23}},"3":{"start":{"line":23,"column":38},"end":{"line":23,"column":53}},"4":{"start":{"line":28,"column":25},"end":{"line":28,"column":37}},"5":{"start":{"line":34,"column":44},"end":{"line":34,"column":68}},"6":{"start":{"line":42,"column":34},"end":{"line":53,"column":5}},"7":{"start":{"line":43,"column":26},"end":{"line":43,"column":46}},"8":{"start":{"line":44,"column":8},"end":{"line":44,"column":32}},"9":{"start":{"line":45,"column":8},"end":{"line":45,"column":28}},"10":{"start":{"line":46,"column":8},"end":{"line":51,"column":10}},"11":{"start":{"line":48,"column":16},"end":{"line":48,"column":43}},"12":{"start":{"line":49,"column":16},"end":{"line":49,"column":27}},"13":{"start":{"line":60,"column":33},"end":{"line":85,"column":5}},"14":{"start":{"line":61,"column":34},"end":{"line":61,"column":46}},"15":{"start":{"line":63,"column":8},"end":{"line":68,"column":11}},"16":{"start":{"line":64,"column":12},"end":{"line":66,"column":13}},"17":{"start":{"line":65,"column":16},"end":{"line":65,"column":39}},"18":{"start":{"line":67,"column":12},"end":{"line":67,"column":64}},"19":{"start":{"line":67,"column":40},"end":{"line":67,"column":62}},"20":{"start":{"line":70,"column":8},"end":{"line":84,"column":11}},"21":{"start":{"line":71,"column":29},"end":{"line":71,"column":62}},"22":{"start":{"line":74,"column":32},"end":{"line":74,"column":79}},"23":{"start":{"line":74,"column":73},"end":{"line":74,"column":78}},"24":{"start":{"line":75,"column":33},"end":{"line":75,"column":79}},"25":{"start":{"line":75,"column":73},"end":{"line":75,"column":78}},"26":{"start":{"line":77,"column":12},"end":{"line":77,"column":38}},"27":{"start":{"line":80,"column":12},"end":{"line":82,"column":13}},"28":{"start":{"line":81,"column":16},"end":{"line":81,"column":82}},"29":{"start":{"line":83,"column":12},"end":{"line":83,"column":28}},"30":{"start":{"line":88,"column":4},"end":{"line":94,"column":21}},"31":{"start":{"line":89,"column":8},"end":{"line":93,"column":9}},"32":{"start":{"line":90,"column":33},"end":{"line":90,"column":81}},"33":{"start":{"line":90,"column":75},"end":{"line":90,"column":80}},"34":{"start":{"line":91,"column":32},"end":{"line":91,"column":81}},"35":{"start":{"line":91,"column":75},"end":{"line":91,"column":80}},"36":{"start":{"line":92,"column":12},"end":{"line":92,"column":78}},"37":{"start":{"line":101,"column":34},"end":{"line":104,"column":5}},"38":{"start":{"line":102,"column":30},"end":{"line":102,"column":87}},"39":{"start":{"line":102,"column":74},"end":{"line":102,"column":79}},"40":{"start":{"line":103,"column":8},"end":{"line":103,"column":29}},"41":{"start":{"line":107,"column":25},"end":{"line":107,"column":109}},"42":{"start":{"line":107,"column":81},"end":{"line":107,"column":108}},"43":{"start":{"line":114,"column":22},"end":{"line":122,"column":5}},"44":{"start":{"line":115,"column":27},"end":{"line":115,"column":65}},"45":{"start":{"line":116,"column":8},"end":{"line":121,"column":9}},"46":{"start":{"line":117,"column":12},"end":{"line":119,"column":15}},"47":{"start":{"line":118,"column":16},"end":{"line":118,"column":97}},"48":{"start":{"line":120,"column":12},"end":{"line":120,"column":32}},"49":{"start":{"line":124,"column":4},"end":{"line":169,"column":5}},"50":{"start":{"line":151,"column":32},"end":{"line":162,"column":37}},"51":{"start":{"line":156,"column":65},"end":{"line":156,"column":98}}},"fnMap":{"0":{"name":"Grid","decl":{"start":{"line":9,"column":24},"end":{"line":9,"column":28}},"loc":{"start":{"line":9,"column":31},"end":{"line":170,"column":1}},"line":9},"1":{"name":"(anonymous_1)","decl":{"start":{"line":14,"column":20},"end":{"line":14,"column":21}},"loc":{"start":{"line":14,"column":35},"end":{"line":17,"column":9}},"line":14},"2":{"name":"(anonymous_2)","decl":{"start":{"line":42,"column":34},"end":{"line":42,"column":35}},"loc":{"start":{"line":42,"column":88},"end":{"line":53,"column":5}},"line":42},"3":{"name":"(anonymous_3)","decl":{"start":{"line":47,"column":24},"end":{"line":47,"column":25}},"loc":{"start":{"line":47,"column":39},"end":{"line":50,"column":13}},"line":47},"4":{"name":"(anonymous_4)","decl":{"start":{"line":60,"column":33},"end":{"line":60,"column":34}},"loc":{"start":{"line":60,"column":103},"end":{"line":85,"column":5}},"line":60},"5":{"name":"(anonymous_5)","decl":{"start":{"line":63,"column":24},"end":{"line":63,"column":25}},"loc":{"start":{"line":63,"column":34},"end":{"line":68,"column":9}},"line":63},"6":{"name":"(anonymous_6)","decl":{"start":{"line":67,"column":31},"end":{"line":67,"column":32}},"loc":{"start":{"line":67,"column":40},"end":{"line":67,"column":62}},"line":67},"7":{"name":"(anonymous_7)","decl":{"start":{"line":70,"column":22},"end":{"line":70,"column":23}},"loc":{"start":{"line":70,"column":37},"end":{"line":84,"column":9}},"line":70},"8":{"name":"(anonymous_8)","decl":{"start":{"line":74,"column":62},"end":{"line":74,"column":63}},"loc":{"start":{"line":74,"column":73},"end":{"line":74,"column":78}},"line":74},"9":{"name":"(anonymous_9)","decl":{"start":{"line":75,"column":62},"end":{"line":75,"column":63}},"loc":{"start":{"line":75,"column":73},"end":{"line":75,"column":78}},"line":75},"10":{"name":"(anonymous_10)","decl":{"start":{"line":88,"column":14},"end":{"line":88,"column":15}},"loc":{"start":{"line":88,"column":20},"end":{"line":94,"column":5}},"line":88},"11":{"name":"(anonymous_11)","decl":{"start":{"line":90,"column":64},"end":{"line":90,"column":65}},"loc":{"start":{"line":90,"column":75},"end":{"line":90,"column":80}},"line":90},"12":{"name":"(anonymous_12)","decl":{"start":{"line":91,"column":64},"end":{"line":91,"column":65}},"loc":{"start":{"line":91,"column":75},"end":{"line":91,"column":80}},"line":91},"13":{"name":"(anonymous_13)","decl":{"start":{"line":101,"column":34},"end":{"line":101,"column":35}},"loc":{"start":{"line":101,"column":48},"end":{"line":104,"column":5}},"line":101},"14":{"name":"(anonymous_14)","decl":{"start":{"line":102,"column":63},"end":{"line":102,"column":64}},"loc":{"start":{"line":102,"column":74},"end":{"line":102,"column":79}},"line":102},"15":{"name":"(anonymous_15)","decl":{"start":{"line":107,"column":71},"end":{"line":107,"column":72}},"loc":{"start":{"line":107,"column":81},"end":{"line":107,"column":108}},"line":107},"16":{"name":"(anonymous_16)","decl":{"start":{"line":114,"column":22},"end":{"line":114,"column":23}},"loc":{"start":{"line":114,"column":34},"end":{"line":122,"column":5}},"line":114},"17":{"name":"(anonymous_17)","decl":{"start":{"line":117,"column":33},"end":{"line":117,"column":34}},"loc":{"start":{"line":117,"column":43},"end":{"line":119,"column":13}},"line":117},"18":{"name":"(anonymous_18)","decl":{"start":{"line":150,"column":37},"end":{"line":150,"column":38}},"loc":{"start":{"line":151,"column":32},"end":{"line":162,"column":37}},"line":151},"19":{"name":"(anonymous_19)","decl":{"start":{"line":156,"column":54},"end":{"line":156,"column":55}},"loc":{"start":{"line":156,"column":65},"end":{"line":156,"column":98}},"line":156}},"branchMap":{"0":{"loc":{"start":{"line":64,"column":12},"end":{"line":66,"column":13}},"type":"if","locations":[{"start":{"line":64,"column":12},"end":{"line":66,"column":13}},{"start":{},"end":{}}],"line":64},"1":{"loc":{"start":{"line":80,"column":12},"end":{"line":82,"column":13}},"type":"if","locations":[{"start":{"line":80,"column":12},"end":{"line":82,"column":13}},{"start":{},"end":{}}],"line":80},"2":{"loc":{"start":{"line":81,"column":53},"end":{"line":81,"column":81}},"type":"binary-expr","locations":[{"start":{"line":81,"column":53},"end":{"line":81,"column":65}},{"start":{"line":81,"column":69},"end":{"line":81,"column":81}}],"line":81},"3":{"loc":{"start":{"line":89,"column":8},"end":{"line":93,"column":9}},"type":"if","locations":[{"start":{"line":89,"column":8},"end":{"line":93,"column":9}},{"start":{},"end":{}}],"line":89},"4":{"loc":{"start":{"line":92,"column":49},"end":{"line":92,"column":77}},"type":"binary-expr","locations":[{"start":{"line":92,"column":49},"end":{"line":92,"column":61}},{"start":{"line":92,"column":65},"end":{"line":92,"column":77}}],"line":92},"5":{"loc":{"start":{"line":107,"column":25},"end":{"line":107,"column":109}},"type":"binary-expr","locations":[{"start":{"line":107,"column":25},"end":{"line":107,"column":48}},{"start":{"line":107,"column":52},"end":{"line":107,"column":109}}],"line":107},"6":{"loc":{"start":{"line":116,"column":8},"end":{"line":121,"column":9}},"type":"if","locations":[{"start":{"line":116,"column":8},"end":{"line":121,"column":9}},{"start":{},"end":{}}],"line":116},"7":{"loc":{"start":{"line":135,"column":79},"end":{"line":135,"column":185}},"type":"cond-expr","locations":[{"start":{"line":135,"column":109},"end":{"line":135,"column":157}},{"start":{"line":135,"column":160},"end":{"line":135,"column":185}}],"line":135},"8":{"loc":{"start":{"line":136,"column":52},"end":{"line":136,"column":106}},"type":"cond-expr","locations":[{"start":{"line":136,"column":67},"end":{"line":136,"column":86}},{"start":{"line":136,"column":89},"end":{"line":136,"column":106}}],"line":136},"9":{"loc":{"start":{"line":161,"column":68},"end":{"line":161,"column":244}},"type":"cond-expr","locations":[{"start":{"line":161,"column":98},"end":{"line":161,"column":217}},{"start":{"line":161,"column":220},"end":{"line":161,"column":244}}],"line":161}},"s":{"0":33,"1":165,"2":165,"3":33,"4":33,"5":33,"6":33,"7":2,"8":2,"9":2,"10":2,"11":10,"12":10,"13":33,"14":10,"15":10,"16":10,"17":9,"18":1,"19":1,"20":10,"21":10,"22":10,"23":10,"24":10,"25":36,"26":10,"27":10,"28":10,"29":10,"30":33,"31":23,"32":23,"33":93,"34":23,"35":31,"36":23,"37":33,"38":53,"39":265,"40":53,"41":33,"42":20,"43":33,"44":2,"45":2,"46":2,"47":3,"48":2,"49":33,"50":165,"51":10},"f":{"0":33,"1":165,"2":2,"3":10,"4":10,"5":10,"6":1,"7":10,"8":10,"9":36,"10":23,"11":93,"12":31,"13":53,"14":265,"15":20,"16":2,"17":3,"18":165,"19":10},"b":{"0":[9,1],"1":[10,0],"2":[10,9],"3":[23,0],"4":[23,11],"5":[33,18],"6":[2,0],"7":[20,13],"8":[8,25],"9":[66,99]},"_coverageSchema":"1a1c01bbd47fc00a2c39e90264f33305004495a9","hash":"cd28380404f5bd4edd54e9b5e7e0362b7ca81056"}
}
