TN:
SF:app/components/grid/index.tsx
FN:9,Grid
FN:14,(anonymous_1)
FN:42,(anonymous_2)
FN:47,(anonymous_3)
FN:60,(anonymous_4)
FN:63,(anonymous_5)
FN:67,(anonymous_6)
FN:70,(anonymous_7)
FN:74,(anonymous_8)
FN:75,(anonymous_9)
FN:88,(anonymous_10)
FN:90,(anonymous_11)
FN:91,(anonymous_12)
FN:101,(anonymous_13)
FN:102,(anonymous_14)
FN:107,(anonymous_15)
FN:114,(anonymous_16)
FN:117,(anonymous_17)
FN:150,(anonymous_18)
FN:156,(anonymous_19)
FNF:20
FNH:20
FNDA:33,Grid
FNDA:165,(anonymous_1)
FNDA:2,(anonymous_2)
FNDA:10,(anonymous_3)
FNDA:10,(anonymous_4)
FNDA:10,(anonymous_5)
FNDA:1,(anonymous_6)
FNDA:10,(anonymous_7)
FNDA:10,(anonymous_8)
FNDA:36,(anonymous_9)
FNDA:23,(anonymous_10)
FNDA:93,(anonymous_11)
FNDA:31,(anonymous_12)
FNDA:53,(anonymous_13)
FNDA:265,(anonymous_14)
FNDA:20,(anonymous_15)
FNDA:2,(anonymous_16)
FNDA:3,(anonymous_17)
FNDA:165,(anonymous_18)
FNDA:10,(anonymous_19)
DA:13,33
DA:15,165
DA:16,165
DA:23,33
DA:28,33
DA:34,33
DA:42,33
DA:43,2
DA:44,2
DA:45,2
DA:46,2
DA:48,10
DA:49,10
DA:60,33
DA:61,10
DA:63,10
DA:64,10
DA:65,9
DA:67,1
DA:70,10
DA:71,10
DA:74,10
DA:75,36
DA:77,10
DA:80,10
DA:81,10
DA:83,10
DA:88,33
DA:89,23
DA:90,93
DA:91,31
DA:92,23
DA:101,33
DA:102,265
DA:103,53
DA:107,33
DA:114,33
DA:115,2
DA:116,2
DA:117,2
DA:118,3
DA:120,2
DA:124,33
DA:151,165
DA:156,10
LF:45
LH:45
BRDA:64,0,0,9
BRDA:64,0,1,1
BRDA:80,1,0,10
BRDA:80,1,1,0
BRDA:81,2,0,10
BRDA:81,2,1,9
BRDA:89,3,0,23
BRDA:89,3,1,0
BRDA:92,4,0,23
BRDA:92,4,1,11
BRDA:107,5,0,33
BRDA:107,5,1,18
BRDA:116,6,0,2
BRDA:116,6,1,0
BRDA:135,7,0,20
BRDA:135,7,1,13
BRDA:136,8,0,8
BRDA:136,8,1,25
BRDA:161,9,0,66
BRDA:161,9,1,99
BRF:20
BRH:17
end_of_record
